<?xml version="1.0" encoding="UTF-8"?>
<testsuite xmlns:xsi="http://www.w3.org/2001/XMLSchema-instance" xsi:noNamespaceSchemaLocation="https://maven.apache.org/surefire/maven-surefire-plugin/xsd/surefire-test-report.xsd" name="PagamentoServiceIntegrationTest" time="1.546" tests="8" errors="0" skipped="0" failures="0">
  <properties>
    <property name="java.specification.version" value="17"/>
    <property name="sun.cpu.isalist" value="amd64"/>
    <property name="sun.jnu.encoding" value="Cp1252"/>
    <property name="java.class.path" value="C:\Users\NOTE155\Documents\NetBeansProjects\TestesDeIntegracaoAplicados\target\test-classes;C:\Users\NOTE155\Documents\NetBeansProjects\TestesDeIntegracaoAplicados\target\classes;C:\Users\NOTE155\.m2\repository\org\junit\jupiter\junit-jupiter\5.8.1\junit-jupiter-5.8.1.jar;C:\Users\NOTE155\.m2\repository\org\junit\jupiter\junit-jupiter-api\5.8.1\junit-jupiter-api-5.8.1.jar;C:\Users\NOTE155\.m2\repository\org\opentest4j\opentest4j\1.2.0\opentest4j-1.2.0.jar;C:\Users\NOTE155\.m2\repository\org\junit\platform\junit-platform-commons\1.8.1\junit-platform-commons-1.8.1.jar;C:\Users\NOTE155\.m2\repository\org\apiguardian\apiguardian-api\1.1.2\apiguardian-api-1.1.2.jar;C:\Users\NOTE155\.m2\repository\org\junit\jupiter\junit-jupiter-params\5.8.1\junit-jupiter-params-5.8.1.jar;C:\Users\NOTE155\.m2\repository\org\junit\jupiter\junit-jupiter-engine\5.8.1\junit-jupiter-engine-5.8.1.jar;C:\Users\NOTE155\.m2\repository\org\junit\platform\junit-platform-engine\1.8.1\junit-platform-engine-1.8.1.jar;C:\Users\NOTE155\.m2\repository\br\ufes\descontoService\2.0\descontoService-2.0.jar;C:\Users\NOTE155\.m2\repository\org\mockito\mockito-core\5.1.0\mockito-core-5.1.0.jar;C:\Users\NOTE155\.m2\repository\net\bytebuddy\byte-buddy\1.12.22\byte-buddy-1.12.22.jar;C:\Users\NOTE155\.m2\repository\net\bytebuddy\byte-buddy-agent\1.12.22\byte-buddy-agent-1.12.22.jar;C:\Users\NOTE155\.m2\repository\org\objenesis\objenesis\3.3\objenesis-3.3.jar;"/>
    <property name="java.vm.vendor" value="Oracle Corporation"/>
    <property name="sun.arch.data.model" value="64"/>
    <property name="user.variant" value=""/>
    <property name="java.vendor.url" value="https://java.oracle.com/"/>
    <property name="user.timezone" value="America/Sao_Paulo"/>
    <property name="os.name" value="Windows 11"/>
    <property name="java.vm.specification.version" value="17"/>
    <property name="user.country" value="BR"/>
    <property name="sun.java.launcher" value="SUN_STANDARD"/>
    <property name="sun.boot.library.path" value="C:\Program Files\Java\jdk-17\bin"/>
    <property name="sun.java.command" value="C:\Users\NOTE155\AppData\Local\Temp\surefire11511982849022882646\surefirebooter12796016348292563561.jar C:\Users\NOTE155\AppData\Local\Temp\surefire11511982849022882646 2024-09-11T21-06-11_476-jvmRun1 surefire13417868079760224113tmp surefire_012335359234097188402tmp"/>
    <property name="jdk.debug" value="release"/>
    <property name="test" value="PagamentoServiceIntegrationTest"/>
    <property name="surefire.test.class.path" value="C:\Users\NOTE155\Documents\NetBeansProjects\TestesDeIntegracaoAplicados\target\test-classes;C:\Users\NOTE155\Documents\NetBeansProjects\TestesDeIntegracaoAplicados\target\classes;C:\Users\NOTE155\.m2\repository\org\junit\jupiter\junit-jupiter\5.8.1\junit-jupiter-5.8.1.jar;C:\Users\NOTE155\.m2\repository\org\junit\jupiter\junit-jupiter-api\5.8.1\junit-jupiter-api-5.8.1.jar;C:\Users\NOTE155\.m2\repository\org\opentest4j\opentest4j\1.2.0\opentest4j-1.2.0.jar;C:\Users\NOTE155\.m2\repository\org\junit\platform\junit-platform-commons\1.8.1\junit-platform-commons-1.8.1.jar;C:\Users\NOTE155\.m2\repository\org\apiguardian\apiguardian-api\1.1.2\apiguardian-api-1.1.2.jar;C:\Users\NOTE155\.m2\repository\org\junit\jupiter\junit-jupiter-params\5.8.1\junit-jupiter-params-5.8.1.jar;C:\Users\NOTE155\.m2\repository\org\junit\jupiter\junit-jupiter-engine\5.8.1\junit-jupiter-engine-5.8.1.jar;C:\Users\NOTE155\.m2\repository\org\junit\platform\junit-platform-engine\1.8.1\junit-platform-engine-1.8.1.jar;C:\Users\NOTE155\.m2\repository\br\ufes\descontoService\2.0\descontoService-2.0.jar;C:\Users\NOTE155\.m2\repository\org\mockito\mockito-core\5.1.0\mockito-core-5.1.0.jar;C:\Users\NOTE155\.m2\repository\net\bytebuddy\byte-buddy\1.12.22\byte-buddy-1.12.22.jar;C:\Users\NOTE155\.m2\repository\net\bytebuddy\byte-buddy-agent\1.12.22\byte-buddy-agent-1.12.22.jar;C:\Users\NOTE155\.m2\repository\org\objenesis\objenesis\3.3\objenesis-3.3.jar;"/>
    <property name="sun.cpu.endian" value="little"/>
    <property name="user.home" value="C:\Users\NOTE155"/>
    <property name="user.language" value="pt"/>
    <property name="java.specification.vendor" value="Oracle Corporation"/>
    <property name="java.version.date" value="2024-04-16"/>
    <property name="java.home" value="C:\Program Files\Java\jdk-17"/>
    <property name="file.separator" value="\"/>
    <property name="basedir" value="C:\Users\NOTE155\Documents\NetBeansProjects\TestesDeIntegracaoAplicados"/>
    <property name="java.vm.compressedOopsMode" value="Zero based"/>
    <property name="line.separator" value="&#10;"/>
    <property name="java.vm.specification.vendor" value="Oracle Corporation"/>
    <property name="java.specification.name" value="Java Platform API Specification"/>
    <property name="surefire.real.class.path" value="C:\Users\NOTE155\AppData\Local\Temp\surefire11511982849022882646\surefirebooter12796016348292563561.jar"/>
    <property name="user.script" value=""/>
    <property name="sun.management.compiler" value="HotSpot 64-Bit Tiered Compilers"/>
    <property name="java.runtime.version" value="17.0.11+7-LTS-207"/>
    <property name="user.name" value="NOTE155"/>
    <property name="path.separator" value=";"/>
    <property name="os.version" value="10.0"/>
    <property name="java.runtime.name" value="Java(TM) SE Runtime Environment"/>
    <property name="file.encoding" value="Cp1252"/>
    <property name="java.vm.name" value="Java HotSpot(TM) 64-Bit Server VM"/>
    <property name="maven.ext.class.path" value="C:\Program Files\NetBeans-22\netbeans\java\maven-nblib\netbeans-eventspy.jar"/>
    <property name="localRepository" value="C:\Users\NOTE155\.m2\repository"/>
    <property name="java.vendor.url.bug" value="https://bugreport.java.com/bugreport/"/>
    <property name="java.io.tmpdir" value="C:\Users\NOTE155\AppData\Local\Temp\"/>
    <property name="java.version" value="17.0.11"/>
    <property name="user.dir" value="C:\Users\NOTE155\Documents\NetBeansProjects\TestesDeIntegracaoAplicados"/>
    <property name="os.arch" value="amd64"/>
    <property name="java.vm.specification.name" value="Java Virtual Machine Specification"/>
    <property name="sun.os.patch.level" value=""/>
    <property name="native.encoding" value="Cp1252"/>
    <property name="java.library.path" value="C:\Program Files\Java\jdk-17\bin;C:\WINDOWS\Sun\Java\bin;C:\WINDOWS\system32;C:\WINDOWS;C:\Program Files\Common Files\Oracle\Java\javapath;C:\Program Files\Microsoft\jdk-11.0.16.101-hotspot\bin;C:\WINDOWS\system32;C:\WINDOWS;C:\WINDOWS\System32\Wbem;C:\WINDOWS\System32\WindowsPowerShell\v1.0\;C:\WINDOWS\System32\OpenSSH\;C:\Program Files\Microsoft SQL Server\Client SDK\ODBC\170\Tools\Binn\;C:\Program Files\Git\cmd;C:\Program Files (x86)\Microsoft SQL Server\160\DTS\Binn\;C:\ProgramData\chocolatey\bin;C:\Program Files (x86)\Windows Kits\10\Windows Performance Toolkit\;C:\Users\NOTE155\AppData\Local\Programs\Python\Python310\Scripts\;C:\Users\NOTE155\AppData\Local\Programs\Python\Python310\;C:\ffmpeg-7.0\bin;C:\Program Files (x86)\Microsoft SQL Server\160\Tools\Binn\;C:\Program Files\Microsoft SQL Server\160\Tools\Binn\;C:\Program Files\Microsoft SQL Server\160\DTS\Binn\;C:\Program Files\Microsoft SQL Server\150\Tools\Binn\;C:\Program Files\dotnet\;C:\Program Files\nodejs\;C:\Program Files (x86)\GitExtensions\;C:\Program Files\Docker\Docker\resources\bin;C:\Users\NOTE155\AppData\Local\Programs\Python\Python310\Scripts\;C:\Users\NOTE155\AppData\Local\Programs\Python\Python310\;C:\Users\NOTE155\AppData\Local\Microsoft\WindowsApps;C:\Users\NOTE155\.dotnet\tools;C:\Program Files\Azure Data Studio\bin;C:\Users\NOTE155\AppData\Local\Programs\Microsoft VS Code\bin;C:\Users\NOTE155\AppData\Local\GitHubDesktop\bin;C:\Users\NOTE155\AppData\Roaming\npm;C:\Program Files\ffmpeg\bin;C:\Program Files\Apache\Maven\apache-maven-3.9.8\bin;;."/>
    <property name="java.vm.info" value="mixed mode, sharing"/>
    <property name="java.vendor" value="Oracle Corporation"/>
    <property name="java.vm.version" value="17.0.11+7-LTS-207"/>
    <property name="sun.io.unicode.encoding" value="UnicodeLittle"/>
    <property name="java.class.version" value="61.0"/>
  </properties>
  <testcase name="testFalhaAoCalcularDesconto" classname="PagamentoServiceIntegrationTest" time="1.447"/>
  <testcase name="testAplicacaoDeMultiplosDescontos" classname="PagamentoServiceIntegrationTest" time="0.022"/>
  <testcase name="testProcessamentoPedidoComDescontoPorCartao" classname="PagamentoServiceIntegrationTest" time="0.009"/>
  <testcase name="testVerificarPagamento" classname="PagamentoServiceIntegrationTest" time="0.01"/>
  <testcase name="testProcessamentoPedidoComValoresInvalidos" classname="PagamentoServiceIntegrationTest" time="0.008"/>
  <testcase name="testPedidoComDiferentesMetodosPagamento" classname="PagamentoServiceIntegrationTest" time="0.007"/>
  <testcase name="testeFalhaNoPagamentoAposCalculoDeDesconto" classname="PagamentoServiceIntegrationTest" time="0.007"/>
  <testcase name="testConfirmarPagamento" classname="PagamentoServiceIntegrationTest" time="0.005"/>
</testsuite>