<?xml version="1.0" encoding="UTF-8"?>
<testsuite xmlns:xsi="http://www.w3.org/2001/XMLSchema-instance" xsi:noNamespaceSchemaLocation="https://maven.apache.org/surefire/maven-surefire-plugin/xsd/surefire-test-report.xsd" name="CalculadoraTest" time="0.312" tests="128" errors="0" skipped="0" failures="0">
  <properties>
    <property name="java.specification.version" value="17"/>
    <property name="sun.cpu.isalist" value="amd64"/>
    <property name="sun.jnu.encoding" value="Cp1252"/>
    <property name="java.class.path" value="C:\Users\NOTE155\Documents\NetBeansProjects\GerenciaDeQualidade\Exercicio3-TesteCaixaPreta\target\test-classes;C:\Users\NOTE155\Documents\NetBeansProjects\GerenciaDeQualidade\Exercicio3-TesteCaixaPreta\target\classes;C:\Users\NOTE155\.m2\repository\org\junit\jupiter\junit-jupiter-api\5.6.0\junit-jupiter-api-5.6.0.jar;C:\Users\NOTE155\.m2\repository\org\apiguardian\apiguardian-api\1.1.0\apiguardian-api-1.1.0.jar;C:\Users\NOTE155\.m2\repository\org\opentest4j\opentest4j\1.2.0\opentest4j-1.2.0.jar;C:\Users\NOTE155\.m2\repository\org\junit\platform\junit-platform-commons\1.6.0\junit-platform-commons-1.6.0.jar;C:\Users\NOTE155\.m2\repository\org\junit\jupiter\junit-jupiter-engine\5.6.0\junit-jupiter-engine-5.6.0.jar;C:\Users\NOTE155\.m2\repository\org\junit\platform\junit-platform-engine\1.6.0\junit-platform-engine-1.6.0.jar;C:\Users\NOTE155\.m2\repository\org\junit\jupiter\junit-jupiter-params\5.6.0\junit-jupiter-params-5.6.0.jar;C:\Users\NOTE155\.m2\repository\org\hamcrest\hamcrest-library\2.2\hamcrest-library-2.2.jar;C:\Users\NOTE155\.m2\repository\org\hamcrest\hamcrest-core\2.2\hamcrest-core-2.2.jar;C:\Users\NOTE155\.m2\repository\org\hamcrest\hamcrest\2.2\hamcrest-2.2.jar;C:\Users\NOTE155\.m2\repository\br\ufes\descontoService\2.0\descontoService-2.0.jar;"/>
    <property name="java.vm.vendor" value="Oracle Corporation"/>
    <property name="sun.arch.data.model" value="64"/>
    <property name="user.variant" value=""/>
    <property name="java.vendor.url" value="https://java.oracle.com/"/>
    <property name="user.timezone" value="America/Sao_Paulo"/>
    <property name="os.name" value="Windows 11"/>
    <property name="java.vm.specification.version" value="17"/>
    <property name="user.country" value="BR"/>
    <property name="sun.java.launcher" value="SUN_STANDARD"/>
    <property name="sun.boot.library.path" value="C:\Program Files\Java\jdk-17\bin"/>
    <property name="sun.java.command" value="C:\Users\NOTE155\AppData\Local\Temp\surefire17739720686483860444\surefirebooter2628946039905621654.jar C:\Users\NOTE155\AppData\Local\Temp\surefire17739720686483860444 2024-08-06T07-44-10_026-jvmRun1 surefire14791767343550914915tmp surefire_05269346500313820532tmp"/>
    <property name="jdk.debug" value="release"/>
    <property name="test" value="CalculadoraTest"/>
    <property name="surefire.test.class.path" value="C:\Users\NOTE155\Documents\NetBeansProjects\GerenciaDeQualidade\Exercicio3-TesteCaixaPreta\target\test-classes;C:\Users\NOTE155\Documents\NetBeansProjects\GerenciaDeQualidade\Exercicio3-TesteCaixaPreta\target\classes;C:\Users\NOTE155\.m2\repository\org\junit\jupiter\junit-jupiter-api\5.6.0\junit-jupiter-api-5.6.0.jar;C:\Users\NOTE155\.m2\repository\org\apiguardian\apiguardian-api\1.1.0\apiguardian-api-1.1.0.jar;C:\Users\NOTE155\.m2\repository\org\opentest4j\opentest4j\1.2.0\opentest4j-1.2.0.jar;C:\Users\NOTE155\.m2\repository\org\junit\platform\junit-platform-commons\1.6.0\junit-platform-commons-1.6.0.jar;C:\Users\NOTE155\.m2\repository\org\junit\jupiter\junit-jupiter-engine\5.6.0\junit-jupiter-engine-5.6.0.jar;C:\Users\NOTE155\.m2\repository\org\junit\platform\junit-platform-engine\1.6.0\junit-platform-engine-1.6.0.jar;C:\Users\NOTE155\.m2\repository\org\junit\jupiter\junit-jupiter-params\5.6.0\junit-jupiter-params-5.6.0.jar;C:\Users\NOTE155\.m2\repository\org\hamcrest\hamcrest-library\2.2\hamcrest-library-2.2.jar;C:\Users\NOTE155\.m2\repository\org\hamcrest\hamcrest-core\2.2\hamcrest-core-2.2.jar;C:\Users\NOTE155\.m2\repository\org\hamcrest\hamcrest\2.2\hamcrest-2.2.jar;C:\Users\NOTE155\.m2\repository\br\ufes\descontoService\2.0\descontoService-2.0.jar;"/>
    <property name="sun.cpu.endian" value="little"/>
    <property name="user.home" value="C:\Users\NOTE155"/>
    <property name="user.language" value="pt"/>
    <property name="java.specification.vendor" value="Oracle Corporation"/>
    <property name="java.version.date" value="2024-04-16"/>
    <property name="java.home" value="C:\Program Files\Java\jdk-17"/>
    <property name="file.separator" value="\"/>
    <property name="basedir" value="C:\Users\NOTE155\Documents\NetBeansProjects\GerenciaDeQualidade\Exercicio3-TesteCaixaPreta"/>
    <property name="java.vm.compressedOopsMode" value="Zero based"/>
    <property name="line.separator" value="&#10;"/>
    <property name="java.vm.specification.vendor" value="Oracle Corporation"/>
    <property name="java.specification.name" value="Java Platform API Specification"/>
    <property name="surefire.real.class.path" value="C:\Users\NOTE155\AppData\Local\Temp\surefire17739720686483860444\surefirebooter2628946039905621654.jar"/>
    <property name="user.script" value=""/>
    <property name="sun.management.compiler" value="HotSpot 64-Bit Tiered Compilers"/>
    <property name="java.runtime.version" value="17.0.11+7-LTS-207"/>
    <property name="user.name" value="NOTE155"/>
    <property name="path.separator" value=";"/>
    <property name="os.version" value="10.0"/>
    <property name="java.runtime.name" value="Java(TM) SE Runtime Environment"/>
    <property name="file.encoding" value="UTF-8"/>
    <property name="java.vm.name" value="Java HotSpot(TM) 64-Bit Server VM"/>
    <property name="maven.ext.class.path" value="C:\Program Files\NetBeans-22\netbeans\java\maven-nblib\netbeans-eventspy.jar"/>
    <property name="localRepository" value="C:\Users\NOTE155\.m2\repository"/>
    <property name="java.vendor.url.bug" value="https://bugreport.java.com/bugreport/"/>
    <property name="java.io.tmpdir" value="C:\Users\NOTE155\AppData\Local\Temp\"/>
    <property name="java.version" value="17.0.11"/>
    <property name="user.dir" value="C:\Users\NOTE155\Documents\NetBeansProjects\GerenciaDeQualidade\Exercicio3-TesteCaixaPreta"/>
    <property name="os.arch" value="amd64"/>
    <property name="java.vm.specification.name" value="Java Virtual Machine Specification"/>
    <property name="sun.os.patch.level" value=""/>
    <property name="native.encoding" value="Cp1252"/>
    <property name="java.library.path" value="C:\Program Files\Java\jdk-17\bin;C:\WINDOWS\Sun\Java\bin;C:\WINDOWS\system32;C:\WINDOWS;C:\Program Files\Common Files\Oracle\Java\javapath;C:\Program Files\Microsoft\jdk-11.0.16.101-hotspot\bin;C:\WINDOWS\system32;C:\WINDOWS;C:\WINDOWS\System32\Wbem;C:\WINDOWS\System32\WindowsPowerShell\v1.0\;C:\WINDOWS\System32\OpenSSH\;C:\Program Files\Microsoft SQL Server\Client SDK\ODBC\170\Tools\Binn\;C:\Program Files\Git\cmd;C:\Program Files (x86)\Microsoft SQL Server\160\DTS\Binn\;C:\ProgramData\chocolatey\bin;C:\Program Files (x86)\Windows Kits\10\Windows Performance Toolkit\;C:\Users\NOTE155\AppData\Local\Programs\Python\Python310\Scripts\;C:\Users\NOTE155\AppData\Local\Programs\Python\Python310\;C:\ffmpeg-7.0\bin;C:\Program Files (x86)\Microsoft SQL Server\160\Tools\Binn\;C:\Program Files\Microsoft SQL Server\160\Tools\Binn\;C:\Program Files\Microsoft SQL Server\160\DTS\Binn\;C:\Program Files\Microsoft SQL Server\150\Tools\Binn\;C:\Program Files\dotnet\;C:\Program Files\nodejs\;C:\Program Files (x86)\GitExtensions\;C:\Program Files\Docker\Docker\resources\bin;C:\Users\NOTE155\AppData\Local\Programs\Python\Python310\Scripts\;C:\Users\NOTE155\AppData\Local\Programs\Python\Python310\;C:\Users\NOTE155\AppData\Local\Microsoft\WindowsApps;C:\Users\NOTE155\.dotnet\tools;C:\Program Files\Azure Data Studio\bin;C:\Users\NOTE155\AppData\Local\Programs\Microsoft VS Code\bin;C:\Users\NOTE155\AppData\Local\GitHubDesktop\bin;C:\Users\NOTE155\AppData\Roaming\npm;C:\Program Files\ffmpeg\bin;C:\Program Files\Apache\Maven\apache-maven-3.9.8\bin;;."/>
    <property name="java.vm.info" value="mixed mode, sharing"/>
    <property name="java.vendor" value="Oracle Corporation"/>
    <property name="java.vm.version" value="17.0.11+7-LTS-207"/>
    <property name="sun.io.unicode.encoding" value="UnicodeLittle"/>
    <property name="java.class.version" value="61.0"/>
  </properties>
  <testcase name="CalculadoraTest{String, String, String, int, double, int, double, String}[1]" classname="CalculadoraTest" time="0.041"/>
  <testcase name="CalculadoraTest{String, String, String, int, double, int, double, String}[2]" classname="CalculadoraTest" time="0.001"/>
  <testcase name="CalculadoraTest{String, String, String, int, double, int, double, String}[3]" classname="CalculadoraTest" time="0.001"/>
  <testcase name="CalculadoraTest{String, String, String, int, double, int, double, String}[4]" classname="CalculadoraTest" time="0.001"/>
  <testcase name="CalculadoraTest{String, String, String, int, double, int, double, String}[5]" classname="CalculadoraTest" time="0.001"/>
  <testcase name="CalculadoraTest{String, String, String, int, double, int, double, String}[6]" classname="CalculadoraTest" time="0.001"/>
  <testcase name="CalculadoraTest{String, String, String, int, double, int, double, String}[7]" classname="CalculadoraTest" time="0.001"/>
  <testcase name="CalculadoraTest{String, String, String, int, double, int, double, String}[8]" classname="CalculadoraTest" time="0.001"/>
  <testcase name="CalculadoraTest{String, String, String, int, double, int, double, String}[9]" classname="CalculadoraTest" time="0.001"/>
  <testcase name="CalculadoraTest{String, String, String, int, double, int, double, String}[10]" classname="CalculadoraTest" time="0.001"/>
  <testcase name="CalculadoraTest{String, String, String, int, double, int, double, String}[11]" classname="CalculadoraTest" time="0.001"/>
  <testcase name="CalculadoraTest{String, String, String, int, double, int, double, String}[12]" classname="CalculadoraTest" time="0.001"/>
  <testcase name="CalculadoraTest{String, String, String, int, double, int, double, String}[13]" classname="CalculadoraTest" time="0"/>
  <testcase name="CalculadoraTest{String, String, String, int, double, int, double, String}[14]" classname="CalculadoraTest" time="0.001"/>
  <testcase name="CalculadoraTest{String, String, String, int, double, int, double, String}[15]" classname="CalculadoraTest" time="0.001"/>
  <testcase name="CalculadoraTest{String, String, String, int, double, int, double, String}[16]" classname="CalculadoraTest" time="0.002"/>
  <testcase name="CalculadoraTest{String, String, String, int, double, int, double, String}[17]" classname="CalculadoraTest" time="0.001"/>
  <testcase name="CalculadoraTest{String, String, String, int, double, int, double, String}[18]" classname="CalculadoraTest" time="0.001"/>
  <testcase name="CalculadoraTest{String, String, String, int, double, int, double, String}[19]" classname="CalculadoraTest" time="0.001"/>
  <testcase name="CalculadoraTest{String, String, String, int, double, int, double, String}[20]" classname="CalculadoraTest" time="0.001"/>
  <testcase name="CalculadoraTest{String, String, String, int, double, int, double, String}[21]" classname="CalculadoraTest" time="0"/>
  <testcase name="CalculadoraTest{String, String, String, int, double, int, double, String}[22]" classname="CalculadoraTest" time="0.006"/>
  <testcase name="CalculadoraTest{String, String, String, int, double, int, double, String}[23]" classname="CalculadoraTest" time="0"/>
  <testcase name="CalculadoraTest{String, String, String, int, double, int, double, String}[24]" classname="CalculadoraTest" time="0.001"/>
  <testcase name="CalculadoraTest{String, String, String, int, double, int, double, String}[25]" classname="CalculadoraTest" time="0"/>
  <testcase name="CalculadoraTest{String, String, String, int, double, int, double, String}[26]" classname="CalculadoraTest" time="0.001"/>
  <testcase name="CalculadoraTest{String, String, String, int, double, int, double, String}[27]" classname="CalculadoraTest" time="0.001"/>
  <testcase name="CalculadoraTest{String, String, String, int, double, int, double, String}[28]" classname="CalculadoraTest" time="0"/>
  <testcase name="CalculadoraTest{String, String, String, int, double, int, double, String}[29]" classname="CalculadoraTest" time="0.001"/>
  <testcase name="CalculadoraTest{String, String, String, int, double, int, double, String}[30]" classname="CalculadoraTest" time="0.001"/>
  <testcase name="CalculadoraTest{String, String, String, int, double, int, double, String}[31]" classname="CalculadoraTest" time="0"/>
  <testcase name="CalculadoraTest{String, String, String, int, double, int, double, String}[32]" classname="CalculadoraTest" time="0.001"/>
  <testcase name="CalculadoraTest{String, String, String, int, double, int, double, String}[33]" classname="CalculadoraTest" time="0.001"/>
  <testcase name="CalculadoraTest{String, String, String, int, double, int, double, String}[34]" classname="CalculadoraTest" time="0"/>
  <testcase name="CalculadoraTest{String, String, String, int, double, int, double, String}[35]" classname="CalculadoraTest" time="0"/>
  <testcase name="CalculadoraTest{String, String, String, int, double, int, double, String}[36]" classname="CalculadoraTest" time="0.001"/>
  <testcase name="CalculadoraTest{String, String, String, int, double, int, double, String}[37]" classname="CalculadoraTest" time="0"/>
  <testcase name="CalculadoraTest{String, String, String, int, double, int, double, String}[38]" classname="CalculadoraTest" time="0"/>
  <testcase name="CalculadoraTest{String, String, String, int, double, int, double, String}[39]" classname="CalculadoraTest" time="0.001"/>
  <testcase name="CalculadoraTest{String, String, String, int, double, int, double, String}[40]" classname="CalculadoraTest" time="0"/>
  <testcase name="CalculadoraTest{String, String, String, int, double, int, double, String}[41]" classname="CalculadoraTest" time="0"/>
  <testcase name="CalculadoraTest{String, String, String, int, double, int, double, String}[42]" classname="CalculadoraTest" time="0"/>
  <testcase name="CalculadoraTest{String, String, String, int, double, int, double, String}[43]" classname="CalculadoraTest" time="0.001"/>
  <testcase name="CalculadoraTest{String, String, String, int, double, int, double, String}[44]" classname="CalculadoraTest" time="0.001"/>
  <testcase name="CalculadoraTest{String, String, String, int, double, int, double, String}[45]" classname="CalculadoraTest" time="0.001"/>
  <testcase name="CalculadoraTest{String, String, String, int, double, int, double, String}[46]" classname="CalculadoraTest" time="0"/>
  <testcase name="CalculadoraTest{String, String, String, int, double, int, double, String}[47]" classname="CalculadoraTest" time="0"/>
  <testcase name="CalculadoraTest{String, String, String, int, double, int, double, String}[48]" classname="CalculadoraTest" time="0.002"/>
  <testcase name="CalculadoraTest{String, String, String, int, double, int, double, String}[49]" classname="CalculadoraTest" time="0.001"/>
  <testcase name="CalculadoraTest{String, String, String, int, double, int, double, String}[50]" classname="CalculadoraTest" time="0.001"/>
  <testcase name="CalculadoraTest{String, String, String, int, double, int, double, String}[51]" classname="CalculadoraTest" time="0"/>
  <testcase name="CalculadoraTest{String, String, String, int, double, int, double, String}[52]" classname="CalculadoraTest" time="0.001"/>
  <testcase name="CalculadoraTest{String, String, String, int, double, int, double, String}[53]" classname="CalculadoraTest" time="0.001"/>
  <testcase name="CalculadoraTest{String, String, String, int, double, int, double, String}[54]" classname="CalculadoraTest" time="0.001"/>
  <testcase name="CalculadoraTest{String, String, String, int, double, int, double, String}[55]" classname="CalculadoraTest" time="0.001"/>
  <testcase name="CalculadoraTest{String, String, String, int, double, int, double, String}[56]" classname="CalculadoraTest" time="0.001"/>
  <testcase name="CalculadoraTest{String, String, String, int, double, int, double, String}[57]" classname="CalculadoraTest" time="0.001"/>
  <testcase name="CalculadoraTest{String, String, String, int, double, int, double, String}[58]" classname="CalculadoraTest" time="0.001"/>
  <testcase name="CalculadoraTest{String, String, String, int, double, int, double, String}[59]" classname="CalculadoraTest" time="0.001"/>
  <testcase name="CalculadoraTest{String, String, String, int, double, int, double, String}[60]" classname="CalculadoraTest" time="0.002"/>
  <testcase name="CalculadoraTest{String, String, String, int, double, int, double, String}[61]" classname="CalculadoraTest" time="0"/>
  <testcase name="CalculadoraTest{String, String, String, int, double, int, double, String}[62]" classname="CalculadoraTest" time="0.001"/>
  <testcase name="CalculadoraTest{String, String, String, int, double, int, double, String}[63]" classname="CalculadoraTest" time="0.001"/>
  <testcase name="CalculadoraTest{String, String, String, int, double, int, double, String}[64]" classname="CalculadoraTest" time="0.001"/>
  <testcase name="CalculadoraTest{String, String, String, int, double, int, double, String}[65]" classname="CalculadoraTest" time="0.001"/>
  <testcase name="CalculadoraTest{String, String, String, int, double, int, double, String}[66]" classname="CalculadoraTest" time="0.001"/>
  <testcase name="CalculadoraTest{String, String, String, int, double, int, double, String}[67]" classname="CalculadoraTest" time="0.001"/>
  <testcase name="CalculadoraTest{String, String, String, int, double, int, double, String}[68]" classname="CalculadoraTest" time="0.001"/>
  <testcase name="CalculadoraTest{String, String, String, int, double, int, double, String}[69]" classname="CalculadoraTest" time="0.001"/>
  <testcase name="CalculadoraTest{String, String, String, int, double, int, double, String}[70]" classname="CalculadoraTest" time="0.001"/>
  <testcase name="CalculadoraTest{String, String, String, int, double, int, double, String}[71]" classname="CalculadoraTest" time="0.001"/>
  <testcase name="CalculadoraTest{String, String, String, int, double, int, double, String}[72]" classname="CalculadoraTest" time="0.001"/>
  <testcase name="CalculadoraTest{String, String, String, int, double, int, double, String}[73]" classname="CalculadoraTest" time="0"/>
  <testcase name="CalculadoraTest{String, String, String, int, double, int, double, String}[74]" classname="CalculadoraTest" time="0.001"/>
  <testcase name="CalculadoraTest{String, String, String, int, double, int, double, String}[75]" classname="CalculadoraTest" time="0.001"/>
  <testcase name="CalculadoraTest{String, String, String, int, double, int, double, String}[76]" classname="CalculadoraTest" time="0.001"/>
  <testcase name="CalculadoraTest{String, String, String, int, double, int, double, String}[77]" classname="CalculadoraTest" time="0.001"/>
  <testcase name="CalculadoraTest{String, String, String, int, double, int, double, String}[78]" classname="CalculadoraTest" time="0.001"/>
  <testcase name="CalculadoraTest{String, String, String, int, double, int, double, String}[79]" classname="CalculadoraTest" time="0"/>
  <testcase name="CalculadoraTest{String, String, String, int, double, int, double, String}[80]" classname="CalculadoraTest" time="0"/>
  <testcase name="CalculadoraTest{String, String, String, int, double, int, double, String}[81]" classname="CalculadoraTest" time="0"/>
  <testcase name="CalculadoraTest{String, String, String, int, double, int, double, String}[82]" classname="CalculadoraTest" time="0"/>
  <testcase name="CalculadoraTest{String, String, String, int, double, int, double, String}[83]" classname="CalculadoraTest" time="0"/>
  <testcase name="CalculadoraTest{String, String, String, int, double, int, double, String}[84]" classname="CalculadoraTest" time="0.001"/>
  <testcase name="CalculadoraTest{String, String, String, int, double, int, double, String}[85]" classname="CalculadoraTest" time="0.001"/>
  <testcase name="CalculadoraTest{String, String, String, int, double, int, double, String}[86]" classname="CalculadoraTest" time="0.001"/>
  <testcase name="CalculadoraTest{String, String, String, int, double, int, double, String}[87]" classname="CalculadoraTest" time="0.001"/>
  <testcase name="CalculadoraTest{String, String, String, int, double, int, double, String}[88]" classname="CalculadoraTest" time="0.001"/>
  <testcase name="CalculadoraTest{String, String, String, int, double, int, double, String}[89]" classname="CalculadoraTest" time="0.001"/>
  <testcase name="CalculadoraTest{String, String, String, int, double, int, double, String}[90]" classname="CalculadoraTest" time="0.001"/>
  <testcase name="CalculadoraTest{String, String, String, int, double, int, double, String}[91]" classname="CalculadoraTest" time="0"/>
  <testcase name="CalculadoraTest{String, String, String, int, double, int, double, String}[92]" classname="CalculadoraTest" time="0"/>
  <testcase name="CalculadoraTest{String, String, String, int, double, int, double, String}[93]" classname="CalculadoraTest" time="0.001"/>
  <testcase name="CalculadoraTest{String, String, String, int, double, int, double, String}[94]" classname="CalculadoraTest" time="0"/>
  <testcase name="CalculadoraTest{String, String, String, int, double, int, double, String}[95]" classname="CalculadoraTest" time="0"/>
  <testcase name="CalculadoraTest{String, String, String, int, double, int, double, String}[96]" classname="CalculadoraTest" time="0.001"/>
  <testcase name="CalculadoraTest{String, String, String, int, double, int, double, String}[97]" classname="CalculadoraTest" time="0"/>
  <testcase name="CalculadoraTest{String, String, String, int, double, int, double, String}[98]" classname="CalculadoraTest" time="0.001"/>
  <testcase name="CalculadoraTest{String, String, String, int, double, int, double, String}[99]" classname="CalculadoraTest" time="0"/>
  <testcase name="CalculadoraTest{String, String, String, int, double, int, double, String}[100]" classname="CalculadoraTest" time="0.001"/>
  <testcase name="CalculadoraTest{String, String, String, int, double, int, double, String}[101]" classname="CalculadoraTest" time="0"/>
  <testcase name="CalculadoraTest{String, String, String, int, double, int, double, String}[102]" classname="CalculadoraTest" time="0.001"/>
  <testcase name="CalculadoraTest{String, String, String, int, double, int, double, String}[103]" classname="CalculadoraTest" time="0.001"/>
  <testcase name="CalculadoraTest{String, String, String, int, double, int, double, String}[104]" classname="CalculadoraTest" time="0.001"/>
  <testcase name="CalculadoraTest{String, String, String, int, double, int, double, String}[105]" classname="CalculadoraTest" time="0.001"/>
  <testcase name="CalculadoraTest{String, String, String, int, double, int, double, String}[106]" classname="CalculadoraTest" time="0.001"/>
  <testcase name="CalculadoraTest{String, String, String, int, double, int, double, String}[107]" classname="CalculadoraTest" time="0"/>
  <testcase name="CalculadoraTest{String, String, String, int, double, int, double, String}[108]" classname="CalculadoraTest" time="0"/>
  <testcase name="CalculadoraTest{String, String, String, int, double, int, double, String}[109]" classname="CalculadoraTest" time="0.001"/>
  <testcase name="CalculadoraTest{String, String, String, int, double, int, double, String}[110]" classname="CalculadoraTest" time="0.001"/>
  <testcase name="CalculadoraTest{String, String, String, int, double, int, double, String}[111]" classname="CalculadoraTest" time="0.001"/>
  <testcase name="CalculadoraTest{String, String, String, int, double, int, double, String}[112]" classname="CalculadoraTest" time="0"/>
  <testcase name="CalculadoraTest{String, String, String, int, double, int, double, String}[113]" classname="CalculadoraTest" time="0"/>
  <testcase name="CalculadoraTest{String, String, String, int, double, int, double, String}[114]" classname="CalculadoraTest" time="0"/>
  <testcase name="CalculadoraTest{String, String, String, int, double, int, double, String}[115]" classname="CalculadoraTest" time="0"/>
  <testcase name="CalculadoraTest{String, String, String, int, double, int, double, String}[116]" classname="CalculadoraTest" time="0"/>
  <testcase name="CalculadoraTest{String, String, String, int, double, int, double, String}[117]" classname="CalculadoraTest" time="0.001"/>
  <testcase name="CalculadoraTest{String, String, String, int, double, int, double, String}[118]" classname="CalculadoraTest" time="0"/>
  <testcase name="CalculadoraTest{String, String, String, int, double, int, double, String}[119]" classname="CalculadoraTest" time="0"/>
  <testcase name="CalculadoraTest{String, String, String, int, double, int, double, String}[120]" classname="CalculadoraTest" time="0.001"/>
  <testcase name="CalculadoraTest{String, String, String, int, double, int, double, String}[121]" classname="CalculadoraTest" time="0.001"/>
  <testcase name="CalculadoraTest{String, String, String, int, double, int, double, String}[122]" classname="CalculadoraTest" time="0.001"/>
  <testcase name="CalculadoraTest{String, String, String, int, double, int, double, String}[123]" classname="CalculadoraTest" time="0.001"/>
  <testcase name="CalculadoraTest{String, String, String, int, double, int, double, String}[124]" classname="CalculadoraTest" time="0.001"/>
  <testcase name="CalculadoraTest{String, String, String, int, double, int, double, String}[125]" classname="CalculadoraTest" time="0.001"/>
  <testcase name="CalculadoraTest{String, String, String, int, double, int, double, String}[126]" classname="CalculadoraTest" time="0.005"/>
  <testcase name="CalculadoraTest{String, String, String, int, double, int, double, String}[127]" classname="CalculadoraTest" time="0.001"/>
  <testcase name="CalculadoraTest{String, String, String, int, double, int, double, String}[128]" classname="CalculadoraTest" time="0.001"/>
</testsuite>